\BOOKMARK [0][-]{chapter*.1}{Resumen}{}% 1
\BOOKMARK [0][-]{chapter*.2}{Abstract}{}% 2
\BOOKMARK [0][-]{chapter*.3}{Agradecimientos}{}% 3
\BOOKMARK [0][-]{chapter*.4}{\315ndice general}{}% 4
\BOOKMARK [0][-]{chapter*.5}{\315ndice de cuadros}{}% 5
\BOOKMARK [0][-]{chapter*.6}{\315ndice de figuras}{}% 6
\BOOKMARK [0][-]{chapter*.7}{\315ndice de listados}{}% 7
\BOOKMARK [0][-]{chapter*.8}{Listado de acr\363nimos}{}% 8
\BOOKMARK [0][-]{chapter.1}{Introducci\363n}{}% 9
\BOOKMARK [1][-]{section.1.1}{Contexto del proyecto}{chapter.1}% 10
\BOOKMARK [1][-]{section.1.2}{Estructura del documento}{chapter.1}% 11
\BOOKMARK [0][-]{chapter.2}{Objetivos}{}% 12
\BOOKMARK [1][-]{section.2.1}{Objetivo general}{chapter.2}% 13
\BOOKMARK [1][-]{section.2.2}{Objetivos espec\355ficos}{chapter.2}% 14
\BOOKMARK [2][-]{subsection.2.2.1}{Representaci\363n de datos}{section.2.2}% 15
\BOOKMARK [2][-]{subsection.2.2.2}{Tratamiento de los estudios}{section.2.2}% 16
\BOOKMARK [2][-]{subsection.2.2.3}{Est\341ndares y tecnolog\355as libres}{section.2.2}% 17
\BOOKMARK [2][-]{subsection.2.2.4}{Arquitectura}{section.2.2}% 18
\BOOKMARK [0][-]{chapter.3}{Antecedentes}{}% 19
\BOOKMARK [1][-]{section.3.1}{Imagen m\351dica}{chapter.3}% 20
\BOOKMARK [2][-]{subsection.3.1.1}{Origen e importancia de la imagen m\351dica}{section.3.1}% 21
\BOOKMARK [2][-]{subsection.3.1.2}{Definici\363n y caracter\355sticas fundamentales}{section.3.1}% 22
\BOOKMARK [2][-]{subsection.3.1.3}{Modalidades de adquisici\363n}{section.3.1}% 23
\BOOKMARK [1][-]{section.3.2}{El est\341ndar DICOM}{chapter.3}% 24
\BOOKMARK [2][-]{subsection.3.2.1}{Or\355genes del est\341ndar}{section.3.2}% 25
\BOOKMARK [2][-]{subsection.3.2.2}{Definici\363n del est\341ndar}{section.3.2}% 26
\BOOKMARK [2][-]{subsection.3.2.3}{La informaci\363n cl\355nica en DICOM}{section.3.2}% 27
\BOOKMARK [1][-]{section.3.3}{La comunicaci\363n en DICOM}{chapter.3}% 28
\BOOKMARK [2][-]{subsection.3.3.1}{Introducci\363n}{section.3.3}% 29
\BOOKMARK [0][-]{appendix.Alph1}{Ejemplo de anexo}{}% 30
\BOOKMARK [0][-]{appendix*.9}{Referencias}{}% 31
